/*C1*/SET SCHEMA SYSTEM_LOBS
INSERT INTO BLOCKS VALUES(0,2147483647,0)
COMMIT
/*C2*/SET SCHEMA PUBLIC
create table usuario ( \u000d\u000a\u0009id BIGINT GENERATED BY DEFAULT AS IDENTITY PRIMARY KEY, \u000d\u000a\u0009nome VARCHAR(150) NOT NULL, \u000d\u000a\u0009email  VARCHAR(150) NOT NULL, \u000d\u000a\u0009senha VARCHAR(20) NOT NULL, \u000d\u000a\u0009data_cadastro DATETIME DEFAULT NOW() \u000d\u000a)\u000d\u000a\u000d\u000a
create table LANCAMENTO (\u000d\u000a\u0009id BIGINT GENERATED BY DEFAULT AS IDENTITY PRIMARY KEY, \u000d\u000a\u0009descricao VARCHAR(150) NOT NULL, \u000d\u000a\u0009mes integer  NOT NULL, \u000d\u000a\u0009ano integer NOT NULL, \u000d\u000a\u0009valor float NOT NULL,\u000d\u000a\u0009tipo VARCHAR(30) NOT NULL CHECK ( tipo in ('DESPESA', 'RECEITA') ), \u000d\u000a\u0009status VARCHAR(30) NOT NULL CHECK ( status in ('PENDENTE', 'CANCELADO', 'EFETIVADO') ), \u000d\u000a\u0009id_usuario BIGINT NOT NULL REFERENCES usuario(id),\u000d\u000a\u0009data_cadastro DATETIME DEFAULT NOW() \u000d\u000a)\u000d\u000a
DISCONNECT
/*C3*/SET SCHEMA PUBLIC
drop table if exists lancamento CASCADE 
drop table if exists usuario CASCADE 
create table lancamento (id bigint generated by default as identity (start with 1), ano integer, data_cadastro timestamp, descricao varchar(255), mes integer, status varchar(255), tipo varchar(255), valor numeric(19,2), id_usuario bigint, primary key (id))
create table usuario (id bigint generated by default as identity (start with 1), email varchar(255), nome varchar(255), senha varchar(255), primary key (id))
alter table lancamento add constraint FKt2a5b4jc8powehfmsyeufarkr foreign key (id_usuario) references usuario
INSERT INTO USUARIO VALUES(1,'usuario@email.com','usuario',NULL)
COMMIT
drop table if exists lancamento CASCADE 
drop table if exists usuario CASCADE 
DISCONNECT
/*C4*/SET SCHEMA PUBLIC
DISCONNECT
/*C5*/SET SCHEMA PUBLIC
DISCONNECT
/*C6*/SET SCHEMA PUBLIC
DISCONNECT
/*C7*/SET SCHEMA PUBLIC
DISCONNECT
/*C8*/SET SCHEMA PUBLIC
DISCONNECT
/*C9*/SET SCHEMA PUBLIC
DISCONNECT
/*C10*/SET SCHEMA PUBLIC
DISCONNECT
/*C11*/SET SCHEMA PUBLIC
DISCONNECT
/*C12*/SET SCHEMA PUBLIC
DISCONNECT
/*C13*/SET SCHEMA PUBLIC
DISCONNECT
/*C14*/SET SCHEMA PUBLIC
DISCONNECT
/*C15*/SET SCHEMA PUBLIC
drop table if exists lancamento CASCADE 
drop table if exists usuario CASCADE 
create table lancamento (id bigint generated by default as identity (start with 1), ano integer, data_cadastro timestamp, descricao varchar(255), mes integer, status varchar(255), tipo varchar(255), valor numeric(19,2), id_usuario bigint, primary key (id))
create table usuario (id bigint generated by default as identity (start with 1), email varchar(255), nome varchar(255), senha varchar(255), primary key (id))
alter table lancamento add constraint FKt2a5b4jc8powehfmsyeufarkr foreign key (id_usuario) references usuario
INSERT INTO USUARIO VALUES(1,'usuario@email.com','usuario',NULL)
COMMIT
drop table if exists lancamento CASCADE 
drop table if exists usuario CASCADE 
DISCONNECT
/*C16*/SET SCHEMA PUBLIC
DISCONNECT
/*C17*/SET SCHEMA PUBLIC
DISCONNECT
/*C18*/SET SCHEMA PUBLIC
DISCONNECT
/*C19*/SET SCHEMA PUBLIC
DISCONNECT
/*C20*/SET SCHEMA PUBLIC
DISCONNECT
/*C21*/SET SCHEMA PUBLIC
DISCONNECT
/*C22*/SET SCHEMA PUBLIC
DISCONNECT
/*C23*/SET SCHEMA PUBLIC
DISCONNECT
/*C24*/SET SCHEMA PUBLIC
DISCONNECT
/*C25*/SET SCHEMA PUBLIC
drop table if exists lancamento CASCADE 
drop table if exists usuario CASCADE 
create table lancamento (id bigint generated by default as identity (start with 1), ano integer, data_cadastro timestamp, descricao varchar(255), mes integer, status varchar(255), tipo varchar(255), valor numeric(19,2), id_usuario bigint, primary key (id))
create table usuario (id bigint generated by default as identity (start with 1), email varchar(255), nome varchar(255), senha varchar(255), primary key (id))
alter table lancamento add constraint FKt2a5b4jc8powehfmsyeufarkr foreign key (id_usuario) references usuario
INSERT INTO USUARIO VALUES(1,'usuario@email.com','usuario',NULL)
COMMIT
drop table if exists lancamento CASCADE 
drop table if exists usuario CASCADE 
DISCONNECT
/*C26*/SET SCHEMA PUBLIC
DISCONNECT
/*C27*/SET SCHEMA PUBLIC
DISCONNECT
/*C28*/SET SCHEMA PUBLIC
DISCONNECT
/*C29*/SET SCHEMA PUBLIC
DISCONNECT
/*C30*/SET SCHEMA PUBLIC
DISCONNECT
/*C31*/SET SCHEMA PUBLIC
DISCONNECT
/*C32*/SET SCHEMA PUBLIC
DISCONNECT
/*C33*/SET SCHEMA PUBLIC
DISCONNECT
/*C34*/SET SCHEMA PUBLIC
DISCONNECT
/*C35*/SET SCHEMA PUBLIC
drop table if exists lancamento CASCADE 
drop table if exists usuario CASCADE 
create table lancamento (id bigint generated by default as identity (start with 1), ano integer, data_cadastro timestamp, descricao varchar(255), mes integer, status varchar(255), tipo varchar(255), valor numeric(19,2), id_usuario bigint, primary key (id))
create table usuario (id bigint generated by default as identity (start with 1), email varchar(255), nome varchar(255), senha varchar(255), primary key (id))
alter table lancamento add constraint FKt2a5b4jc8powehfmsyeufarkr foreign key (id_usuario) references usuario
INSERT INTO USUARIO VALUES(1,'usuario@email.com','usuario',NULL)
COMMIT
drop table if exists lancamento CASCADE 
drop table if exists usuario CASCADE 
DISCONNECT
/*C36*/SET SCHEMA PUBLIC
DISCONNECT
/*C37*/SET SCHEMA PUBLIC
DISCONNECT
/*C38*/SET SCHEMA PUBLIC
DISCONNECT
/*C39*/SET SCHEMA PUBLIC
DISCONNECT
/*C40*/SET SCHEMA PUBLIC
DISCONNECT
/*C41*/SET SCHEMA PUBLIC
DISCONNECT
/*C42*/SET SCHEMA PUBLIC
DISCONNECT
/*C43*/SET SCHEMA PUBLIC
DISCONNECT
/*C44*/SET SCHEMA PUBLIC
DISCONNECT
